Explain
STAGE DEPENDENCIES:
"  Stage-25 is a root stage , consists of Stage-36, Stage-37, Stage-1"
  Stage-36 has a backup stage: Stage-1
  Stage-23 depends on stages: Stage-36
"  Stage-22 depends on stages: Stage-1, Stage-23, Stage-24 , consists of Stage-34, Stage-35, Stage-2"
  Stage-34 has a backup stage: Stage-2
  Stage-20 depends on stages: Stage-34
"  Stage-3 depends on stages: Stage-2, Stage-20, Stage-21"
"  Stage-19 depends on stages: Stage-3, Stage-12 , consists of Stage-32, Stage-33, Stage-4"
  Stage-32 has a backup stage: Stage-4
  Stage-17 depends on stages: Stage-32
"  Stage-5 depends on stages: Stage-4, Stage-17, Stage-18"
  Stage-33 has a backup stage: Stage-4
  Stage-18 depends on stages: Stage-33
  Stage-4
  Stage-35 has a backup stage: Stage-2
  Stage-21 depends on stages: Stage-35
  Stage-2
  Stage-37 has a backup stage: Stage-1
  Stage-24 depends on stages: Stage-37
  Stage-1
"  Stage-31 is a root stage , consists of Stage-40, Stage-41, Stage-10"
  Stage-40 has a backup stage: Stage-10
  Stage-29 depends on stages: Stage-40
"  Stage-28 depends on stages: Stage-10, Stage-29, Stage-30 , consists of Stage-38, Stage-39, Stage-11"
  Stage-38 has a backup stage: Stage-11
  Stage-26 depends on stages: Stage-38
"  Stage-12 depends on stages: Stage-11, Stage-26, Stage-27"
  Stage-39 has a backup stage: Stage-11
  Stage-27 depends on stages: Stage-39
  Stage-11
  Stage-41 has a backup stage: Stage-10
  Stage-30 depends on stages: Stage-41
  Stage-10
  Stage-0 depends on stages: Stage-5
""
STAGE PLANS:
  Stage: Stage-25
    Conditional Operator
""
  Stage: Stage-36
    Map Reduce Local Work
      Alias -> Map Local Tables:
        $hdt$_0:$hdt$_0:$hdt$_1-subquery1:$hdt$_1-subquery1-subquery1:$hdt$_1-subquery1:customers 
          Fetch Operator
            limit: -1
        $hdt$_0:$hdt$_0:$hdt$_1-subquery1:$hdt$_1-subquery1-subquery2:$hdt$_1-subquery2:customers 
          Fetch Operator
            limit: -1
        $hdt$_0:$hdt$_0:$hdt$_1-subquery2:$hdt$_1-subquery2:customers 
          Fetch Operator
            limit: -1
      Alias -> Map Local Operator Tree:
        $hdt$_0:$hdt$_0:$hdt$_1-subquery1:$hdt$_1-subquery1-subquery1:$hdt$_1-subquery1:customers 
          TableScan
            alias: customers
            Statistics: Num rows: 27956 Data size: 363428 Basic stats: COMPLETE Column stats: NONE
            Filter Operator
              predicate: (website is not null and email is not null and firstname is not null and lastname is not null) (type: boolean)
              Statistics: Num rows: 27956 Data size: 363428 Basic stats: COMPLETE Column stats: NONE
              Select Operator
"                expressions: firstname (type: string), lastname (type: string), email (type: string), website (type: string), yearc (type: string)"
"                outputColumnNames: _col0, _col1, _col2, _col3, _col4"
                Statistics: Num rows: 27956 Data size: 363428 Basic stats: COMPLETE Column stats: NONE
                Union
                  Statistics: Num rows: 66917 Data size: 869921 Basic stats: COMPLETE Column stats: NONE
                  HashTable Sink Operator
                    keys:
                      0 _col1 (type: string)
                      1 _col3 (type: string)
        $hdt$_0:$hdt$_0:$hdt$_1-subquery1:$hdt$_1-subquery1-subquery2:$hdt$_1-subquery2:customers 
          TableScan
            alias: customers
            Statistics: Num rows: 27604 Data size: 358852 Basic stats: COMPLETE Column stats: NONE
            Filter Operator
              predicate: (website is not null and email is not null and firstname is not null and lastname is not null) (type: boolean)
              Statistics: Num rows: 27604 Data size: 358852 Basic stats: COMPLETE Column stats: NONE
              Select Operator
"                expressions: firstname (type: string), lastname (type: string), email (type: string), website (type: string), yearc (type: string)"
"                outputColumnNames: _col0, _col1, _col2, _col3, _col4"
                Statistics: Num rows: 27604 Data size: 358852 Basic stats: COMPLETE Column stats: NONE
                Union
                  Statistics: Num rows: 66917 Data size: 869921 Basic stats: COMPLETE Column stats: NONE
                  HashTable Sink Operator
                    keys:
                      0 _col1 (type: string)
                      1 _col3 (type: string)
        $hdt$_0:$hdt$_0:$hdt$_1-subquery2:$hdt$_1-subquery2:customers 
          TableScan
            alias: customers
            Statistics: Num rows: 11357 Data size: 147641 Basic stats: COMPLETE Column stats: NONE
            Filter Operator
              predicate: (website is not null and email is not null and firstname is not null and lastname is not null) (type: boolean)
              Statistics: Num rows: 11357 Data size: 147641 Basic stats: COMPLETE Column stats: NONE
              Select Operator
"                expressions: firstname (type: string), lastname (type: string), email (type: string), website (type: string), yearc (type: string)"
"                outputColumnNames: _col0, _col1, _col2, _col3, _col4"
                Statistics: Num rows: 11357 Data size: 147641 Basic stats: COMPLETE Column stats: NONE
                Union
                  Statistics: Num rows: 66917 Data size: 869921 Basic stats: COMPLETE Column stats: NONE
                  HashTable Sink Operator
                    keys:
                      0 _col1 (type: string)
                      1 _col3 (type: string)
""
  Stage: Stage-23
    Map Reduce
      Map Operator Tree:
          TableScan
            alias: o
            Statistics: Num rows: 100000 Data size: 1000000 Basic stats: COMPLETE Column stats: NONE
            Filter Operator
              predicate: (website is not null and name is not null) (type: boolean)
              Statistics: Num rows: 100000 Data size: 1000000 Basic stats: COMPLETE Column stats: NONE
              Select Operator
"                expressions: name (type: string), website (type: string)"
"                outputColumnNames: _col0, _col1"
                Statistics: Num rows: 100000 Data size: 1000000 Basic stats: COMPLETE Column stats: NONE
                Map Join Operator
                  condition map:
                       Inner Join 0 to 1
                  keys:
                    0 _col1 (type: string)
                    1 _col3 (type: string)
"                  outputColumnNames: _col0, _col2, _col3, _col4, _col6"
                  Statistics: Num rows: 110000 Data size: 1100000 Basic stats: COMPLETE Column stats: NONE
                  File Output Operator
                    compressed: false
                    table:
                        input format: org.apache.hadoop.mapred.SequenceFileInputFormat
                        output format: org.apache.hadoop.hive.ql.io.HiveSequenceFileOutputFormat
                        serde: org.apache.hadoop.hive.serde2.lazybinary.LazyBinarySerDe
      Local Work:
        Map Reduce Local Work
""
  Stage: Stage-22
    Conditional Operator
""
  Stage: Stage-34
    Map Reduce Local Work
      Alias -> Map Local Tables:
        $hdt$_0:$hdt$_0:$hdt$_2:p 
          Fetch Operator
            limit: -1
      Alias -> Map Local Operator Tree:
        $hdt$_0:$hdt$_0:$hdt$_2:p 
          TableScan
            alias: p
            Statistics: Num rows: 200000 Data size: 2200000 Basic stats: COMPLETE Column stats: NONE
            Filter Operator
              predicate: (firstname is not null and lastname is not null and email is not null) (type: boolean)
              Statistics: Num rows: 200000 Data size: 2200000 Basic stats: COMPLETE Column stats: NONE
              Select Operator
"                expressions: firstname (type: string), lastname (type: string), email (type: string), agegroup (type: string)"
"                outputColumnNames: _col0, _col1, _col2, _col3"
                Statistics: Num rows: 200000 Data size: 2200000 Basic stats: COMPLETE Column stats: NONE
                HashTable Sink Operator
                  keys:
"                    0 _col2 (type: string), _col3 (type: string), _col4 (type: string)"
"                    1 _col0 (type: string), _col1 (type: string), _col2 (type: string)"
""
  Stage: Stage-20
    Map Reduce
      Map Operator Tree:
          TableScan
            Map Join Operator
              condition map:
                   Inner Join 0 to 1
              keys:
"                0 _col2 (type: string), _col3 (type: string), _col4 (type: string)"
"                1 _col0 (type: string), _col1 (type: string), _col2 (type: string)"
"              outputColumnNames: _col0, _col6, _col10"
              Statistics: Num rows: 220000 Data size: 2420000 Basic stats: COMPLETE Column stats: NONE
              Group By Operator
                aggregations: count()
"                keys: _col0 (type: string), _col6 (type: string), _col10 (type: string)"
                mode: hash
"                outputColumnNames: _col0, _col1, _col2, _col3"
                Statistics: Num rows: 220000 Data size: 2420000 Basic stats: COMPLETE Column stats: NONE
                File Output Operator
                  compressed: false
                  table:
                      input format: org.apache.hadoop.mapred.SequenceFileInputFormat
                      output format: org.apache.hadoop.hive.ql.io.HiveSequenceFileOutputFormat
                      serde: org.apache.hadoop.hive.serde2.lazybinary.LazyBinarySerDe
      Local Work:
        Map Reduce Local Work
""
  Stage: Stage-3
    Map Reduce
      Map Operator Tree:
          TableScan
            Reduce Output Operator
"              key expressions: _col0 (type: string), _col1 (type: string), _col2 (type: string)"
              sort order: +++
"              Map-reduce partition columns: _col0 (type: string), _col1 (type: string)"
              Statistics: Num rows: 220000 Data size: 2420000 Basic stats: COMPLETE Column stats: NONE
              value expressions: _col3 (type: bigint)
      Reduce Operator Tree:
        Group By Operator
          aggregations: count(VALUE._col0)
"          keys: KEY._col0 (type: string), KEY._col1 (type: string), KEY._col2 (type: string)"
          mode: mergepartial
"          outputColumnNames: _col0, _col1, _col2, _col3"
          Statistics: Num rows: 110000 Data size: 1210000 Basic stats: COMPLETE Column stats: NONE
          Select Operator
"            expressions: _col0 (type: string), _col1 (type: string), _col3 (type: bigint)"
"            outputColumnNames: _col0, _col1, _col3"
            Statistics: Num rows: 110000 Data size: 1210000 Basic stats: COMPLETE Column stats: NONE
            Group By Operator
              aggregations: max(_col3)
"              keys: _col0 (type: string), _col1 (type: string)"
              mode: complete
"              outputColumnNames: _col0, _col1, _col2"
              Statistics: Num rows: 55000 Data size: 605000 Basic stats: COMPLETE Column stats: NONE
              Filter Operator
                predicate: _col2 is not null (type: boolean)
                Statistics: Num rows: 55000 Data size: 605000 Basic stats: COMPLETE Column stats: NONE
                File Output Operator
                  compressed: false
                  table:
                      input format: org.apache.hadoop.mapred.SequenceFileInputFormat
                      output format: org.apache.hadoop.hive.ql.io.HiveSequenceFileOutputFormat
                      serde: org.apache.hadoop.hive.serde2.lazybinary.LazyBinarySerDe
""
  Stage: Stage-19
    Conditional Operator
""
  Stage: Stage-32
    Map Reduce Local Work
      Alias -> Map Local Tables:
        $INTNAME1 
          Fetch Operator
            limit: -1
      Alias -> Map Local Operator Tree:
        $INTNAME1 
          TableScan
            HashTable Sink Operator
              keys:
"                0 _col0 (type: string), _col1 (type: string), _col2 (type: bigint)"
"                1 _col0 (type: string), _col1 (type: string), _col3 (type: bigint)"
""
  Stage: Stage-17
    Map Reduce
      Map Operator Tree:
          TableScan
            Map Join Operator
              condition map:
                   Inner Join 0 to 1
              keys:
"                0 _col0 (type: string), _col1 (type: string), _col2 (type: bigint)"
"                1 _col0 (type: string), _col1 (type: string), _col3 (type: bigint)"
"              outputColumnNames: _col3, _col4, _col5"
              Statistics: Num rows: 121000 Data size: 1331000 Basic stats: COMPLETE Column stats: NONE
              Select Operator
"                expressions: _col3 (type: string), _col4 (type: string), _col5 (type: string)"
"                outputColumnNames: _col0, _col1, _col2"
                Statistics: Num rows: 121000 Data size: 1331000 Basic stats: COMPLETE Column stats: NONE
                File Output Operator
                  compressed: false
                  table:
                      input format: org.apache.hadoop.mapred.SequenceFileInputFormat
                      output format: org.apache.hadoop.hive.ql.io.HiveSequenceFileOutputFormat
                      serde: org.apache.hadoop.hive.serde2.lazybinary.LazyBinarySerDe
      Local Work:
        Map Reduce Local Work
""
  Stage: Stage-5
    Map Reduce
      Map Operator Tree:
          TableScan
            Reduce Output Operator
"              key expressions: _col0 (type: string), _col1 (type: string)"
              sort order: ++
              Statistics: Num rows: 121000 Data size: 1331000 Basic stats: COMPLETE Column stats: NONE
              value expressions: _col2 (type: string)
      Reduce Operator Tree:
        Select Operator
"          expressions: KEY.reducesinkkey0 (type: string), KEY.reducesinkkey1 (type: string), VALUE._col0 (type: string)"
"          outputColumnNames: _col0, _col1, _col2"
          Statistics: Num rows: 121000 Data size: 1331000 Basic stats: COMPLETE Column stats: NONE
          File Output Operator
            compressed: false
            Statistics: Num rows: 121000 Data size: 1331000 Basic stats: COMPLETE Column stats: NONE
            table:
                input format: org.apache.hadoop.mapred.SequenceFileInputFormat
                output format: org.apache.hadoop.hive.ql.io.HiveSequenceFileOutputFormat
                serde: org.apache.hadoop.hive.serde2.lazy.LazySimpleSerDe
""
  Stage: Stage-33
    Map Reduce Local Work
      Alias -> Map Local Tables:
        $INTNAME 
          Fetch Operator
            limit: -1
      Alias -> Map Local Operator Tree:
        $INTNAME 
          TableScan
            HashTable Sink Operator
              keys:
"                0 _col0 (type: string), _col1 (type: string), _col2 (type: bigint)"
"                1 _col0 (type: string), _col1 (type: string), _col3 (type: bigint)"
""
  Stage: Stage-18
    Map Reduce
      Map Operator Tree:
          TableScan
            Map Join Operator
              condition map:
                   Inner Join 0 to 1
              keys:
"                0 _col0 (type: string), _col1 (type: string), _col2 (type: bigint)"
"                1 _col0 (type: string), _col1 (type: string), _col3 (type: bigint)"
"              outputColumnNames: _col3, _col4, _col5"
              Statistics: Num rows: 121000 Data size: 1331000 Basic stats: COMPLETE Column stats: NONE
              Select Operator
"                expressions: _col3 (type: string), _col4 (type: string), _col5 (type: string)"
"                outputColumnNames: _col0, _col1, _col2"
                Statistics: Num rows: 121000 Data size: 1331000 Basic stats: COMPLETE Column stats: NONE
                File Output Operator
                  compressed: false
                  table:
                      input format: org.apache.hadoop.mapred.SequenceFileInputFormat
                      output format: org.apache.hadoop.hive.ql.io.HiveSequenceFileOutputFormat
                      serde: org.apache.hadoop.hive.serde2.lazybinary.LazyBinarySerDe
      Local Work:
        Map Reduce Local Work
""
  Stage: Stage-4
    Map Reduce
      Map Operator Tree:
          TableScan
            Reduce Output Operator
"              key expressions: _col0 (type: string), _col1 (type: string), _col2 (type: bigint)"
              sort order: +++
"              Map-reduce partition columns: _col0 (type: string), _col1 (type: string), _col2 (type: bigint)"
              Statistics: Num rows: 55000 Data size: 605000 Basic stats: COMPLETE Column stats: NONE
          TableScan
            Reduce Output Operator
"              key expressions: _col0 (type: string), _col1 (type: string), _col3 (type: bigint)"
              sort order: +++
"              Map-reduce partition columns: _col0 (type: string), _col1 (type: string), _col3 (type: bigint)"
              Statistics: Num rows: 110000 Data size: 1210000 Basic stats: COMPLETE Column stats: NONE
              value expressions: _col2 (type: string)
      Reduce Operator Tree:
        Join Operator
          condition map:
               Inner Join 0 to 1
          keys:
"            0 _col0 (type: string), _col1 (type: string), _col2 (type: bigint)"
"            1 _col0 (type: string), _col1 (type: string), _col3 (type: bigint)"
"          outputColumnNames: _col3, _col4, _col5"
          Statistics: Num rows: 121000 Data size: 1331000 Basic stats: COMPLETE Column stats: NONE
          Select Operator
"            expressions: _col3 (type: string), _col4 (type: string), _col5 (type: string)"
"            outputColumnNames: _col0, _col1, _col2"
            Statistics: Num rows: 121000 Data size: 1331000 Basic stats: COMPLETE Column stats: NONE
            File Output Operator
              compressed: false
              table:
                  input format: org.apache.hadoop.mapred.SequenceFileInputFormat
                  output format: org.apache.hadoop.hive.ql.io.HiveSequenceFileOutputFormat
                  serde: org.apache.hadoop.hive.serde2.lazybinary.LazyBinarySerDe
""
  Stage: Stage-35
    Map Reduce Local Work
      Alias -> Map Local Tables:
        $hdt$_0:$hdt$_0:$INTNAME 
          Fetch Operator
            limit: -1
      Alias -> Map Local Operator Tree:
        $hdt$_0:$hdt$_0:$INTNAME 
          TableScan
            HashTable Sink Operator
              keys:
"                0 _col2 (type: string), _col3 (type: string), _col4 (type: string)"
"                1 _col0 (type: string), _col1 (type: string), _col2 (type: string)"
""
  Stage: Stage-21
    Map Reduce
      Map Operator Tree:
          TableScan
            alias: p
            Statistics: Num rows: 200000 Data size: 2200000 Basic stats: COMPLETE Column stats: NONE
            Filter Operator
              predicate: (firstname is not null and lastname is not null and email is not null) (type: boolean)
              Statistics: Num rows: 200000 Data size: 2200000 Basic stats: COMPLETE Column stats: NONE
              Select Operator
"                expressions: firstname (type: string), lastname (type: string), email (type: string), agegroup (type: string)"
"                outputColumnNames: _col0, _col1, _col2, _col3"
                Statistics: Num rows: 200000 Data size: 2200000 Basic stats: COMPLETE Column stats: NONE
                Map Join Operator
                  condition map:
                       Inner Join 0 to 1
                  keys:
"                    0 _col2 (type: string), _col3 (type: string), _col4 (type: string)"
"                    1 _col0 (type: string), _col1 (type: string), _col2 (type: string)"
"                  outputColumnNames: _col0, _col6, _col10"
                  Statistics: Num rows: 220000 Data size: 2420000 Basic stats: COMPLETE Column stats: NONE
                  Group By Operator
                    aggregations: count()
"                    keys: _col0 (type: string), _col6 (type: string), _col10 (type: string)"
                    mode: hash
"                    outputColumnNames: _col0, _col1, _col2, _col3"
                    Statistics: Num rows: 220000 Data size: 2420000 Basic stats: COMPLETE Column stats: NONE
                    File Output Operator
                      compressed: false
                      table:
                          input format: org.apache.hadoop.mapred.SequenceFileInputFormat
                          output format: org.apache.hadoop.hive.ql.io.HiveSequenceFileOutputFormat
                          serde: org.apache.hadoop.hive.serde2.lazybinary.LazyBinarySerDe
      Local Work:
        Map Reduce Local Work
""
  Stage: Stage-2
    Map Reduce
      Map Operator Tree:
          TableScan
            Reduce Output Operator
"              key expressions: _col2 (type: string), _col3 (type: string), _col4 (type: string)"
              sort order: +++
"              Map-reduce partition columns: _col2 (type: string), _col3 (type: string), _col4 (type: string)"
              Statistics: Num rows: 110000 Data size: 1100000 Basic stats: COMPLETE Column stats: NONE
"              value expressions: _col0 (type: string), _col6 (type: string)"
          TableScan
            alias: p
            Statistics: Num rows: 200000 Data size: 2200000 Basic stats: COMPLETE Column stats: NONE
            Filter Operator
              predicate: (firstname is not null and lastname is not null and email is not null) (type: boolean)
              Statistics: Num rows: 200000 Data size: 2200000 Basic stats: COMPLETE Column stats: NONE
              Select Operator
"                expressions: firstname (type: string), lastname (type: string), email (type: string), agegroup (type: string)"
"                outputColumnNames: _col0, _col1, _col2, _col3"
                Statistics: Num rows: 200000 Data size: 2200000 Basic stats: COMPLETE Column stats: NONE
                Reduce Output Operator
"                  key expressions: _col0 (type: string), _col1 (type: string), _col2 (type: string)"
                  sort order: +++
"                  Map-reduce partition columns: _col0 (type: string), _col1 (type: string), _col2 (type: string)"
                  Statistics: Num rows: 200000 Data size: 2200000 Basic stats: COMPLETE Column stats: NONE
                  value expressions: _col3 (type: string)
      Reduce Operator Tree:
        Join Operator
          condition map:
               Inner Join 0 to 1
          keys:
"            0 _col2 (type: string), _col3 (type: string), _col4 (type: string)"
"            1 _col0 (type: string), _col1 (type: string), _col2 (type: string)"
"          outputColumnNames: _col0, _col6, _col10"
          Statistics: Num rows: 220000 Data size: 2420000 Basic stats: COMPLETE Column stats: NONE
          Group By Operator
            aggregations: count()
"            keys: _col0 (type: string), _col6 (type: string), _col10 (type: string)"
            mode: hash
"            outputColumnNames: _col0, _col1, _col2, _col3"
            Statistics: Num rows: 220000 Data size: 2420000 Basic stats: COMPLETE Column stats: NONE
            File Output Operator
              compressed: false
              table:
                  input format: org.apache.hadoop.mapred.SequenceFileInputFormat
                  output format: org.apache.hadoop.hive.ql.io.HiveSequenceFileOutputFormat
                  serde: org.apache.hadoop.hive.serde2.lazybinary.LazyBinarySerDe
""
  Stage: Stage-37
    Map Reduce Local Work
      Alias -> Map Local Tables:
        $hdt$_0:$hdt$_0:$hdt$_0:o 
          Fetch Operator
            limit: -1
      Alias -> Map Local Operator Tree:
        $hdt$_0:$hdt$_0:$hdt$_0:o 
          TableScan
            alias: o
            Statistics: Num rows: 100000 Data size: 1000000 Basic stats: COMPLETE Column stats: NONE
            Filter Operator
              predicate: (website is not null and name is not null) (type: boolean)
              Statistics: Num rows: 100000 Data size: 1000000 Basic stats: COMPLETE Column stats: NONE
              Select Operator
"                expressions: name (type: string), website (type: string)"
"                outputColumnNames: _col0, _col1"
                Statistics: Num rows: 100000 Data size: 1000000 Basic stats: COMPLETE Column stats: NONE
                HashTable Sink Operator
                  keys:
                    0 _col1 (type: string)
                    1 _col3 (type: string)
""
  Stage: Stage-24
    Map Reduce
      Map Operator Tree:
          TableScan
            alias: customers
            Statistics: Num rows: 27956 Data size: 363428 Basic stats: COMPLETE Column stats: NONE
            Filter Operator
              predicate: (website is not null and email is not null and firstname is not null and lastname is not null) (type: boolean)
              Statistics: Num rows: 27956 Data size: 363428 Basic stats: COMPLETE Column stats: NONE
              Select Operator
"                expressions: firstname (type: string), lastname (type: string), email (type: string), website (type: string), yearc (type: string)"
"                outputColumnNames: _col0, _col1, _col2, _col3, _col4"
                Statistics: Num rows: 27956 Data size: 363428 Basic stats: COMPLETE Column stats: NONE
                Union
                  Statistics: Num rows: 66917 Data size: 869921 Basic stats: COMPLETE Column stats: NONE
                  Map Join Operator
                    condition map:
                         Inner Join 0 to 1
                    keys:
                      0 _col1 (type: string)
                      1 _col3 (type: string)
"                    outputColumnNames: _col0, _col2, _col3, _col4, _col6"
                    Statistics: Num rows: 110000 Data size: 1100000 Basic stats: COMPLETE Column stats: NONE
                    File Output Operator
                      compressed: false
                      table:
                          input format: org.apache.hadoop.mapred.SequenceFileInputFormat
                          output format: org.apache.hadoop.hive.ql.io.HiveSequenceFileOutputFormat
                          serde: org.apache.hadoop.hive.serde2.lazybinary.LazyBinarySerDe
          TableScan
            alias: customers
            Statistics: Num rows: 27604 Data size: 358852 Basic stats: COMPLETE Column stats: NONE
            Filter Operator
              predicate: (website is not null and email is not null and firstname is not null and lastname is not null) (type: boolean)
              Statistics: Num rows: 27604 Data size: 358852 Basic stats: COMPLETE Column stats: NONE
              Select Operator
"                expressions: firstname (type: string), lastname (type: string), email (type: string), website (type: string), yearc (type: string)"
"                outputColumnNames: _col0, _col1, _col2, _col3, _col4"
                Statistics: Num rows: 27604 Data size: 358852 Basic stats: COMPLETE Column stats: NONE
                Union
                  Statistics: Num rows: 66917 Data size: 869921 Basic stats: COMPLETE Column stats: NONE
                  Map Join Operator
                    condition map:
                         Inner Join 0 to 1
                    keys:
                      0 _col1 (type: string)
                      1 _col3 (type: string)
"                    outputColumnNames: _col0, _col2, _col3, _col4, _col6"
                    Statistics: Num rows: 110000 Data size: 1100000 Basic stats: COMPLETE Column stats: NONE
                    File Output Operator
                      compressed: false
                      table:
                          input format: org.apache.hadoop.mapred.SequenceFileInputFormat
                          output format: org.apache.hadoop.hive.ql.io.HiveSequenceFileOutputFormat
                          serde: org.apache.hadoop.hive.serde2.lazybinary.LazyBinarySerDe
          TableScan
            alias: customers
            Statistics: Num rows: 11357 Data size: 147641 Basic stats: COMPLETE Column stats: NONE
            Filter Operator
              predicate: (website is not null and email is not null and firstname is not null and lastname is not null) (type: boolean)
              Statistics: Num rows: 11357 Data size: 147641 Basic stats: COMPLETE Column stats: NONE
              Select Operator
"                expressions: firstname (type: string), lastname (type: string), email (type: string), website (type: string), yearc (type: string)"
"                outputColumnNames: _col0, _col1, _col2, _col3, _col4"
                Statistics: Num rows: 11357 Data size: 147641 Basic stats: COMPLETE Column stats: NONE
                Union
                  Statistics: Num rows: 66917 Data size: 869921 Basic stats: COMPLETE Column stats: NONE
                  Map Join Operator
                    condition map:
                         Inner Join 0 to 1
                    keys:
                      0 _col1 (type: string)
                      1 _col3 (type: string)
"                    outputColumnNames: _col0, _col2, _col3, _col4, _col6"
                    Statistics: Num rows: 110000 Data size: 1100000 Basic stats: COMPLETE Column stats: NONE
                    File Output Operator
                      compressed: false
                      table:
                          input format: org.apache.hadoop.mapred.SequenceFileInputFormat
                          output format: org.apache.hadoop.hive.ql.io.HiveSequenceFileOutputFormat
                          serde: org.apache.hadoop.hive.serde2.lazybinary.LazyBinarySerDe
      Local Work:
        Map Reduce Local Work
""
  Stage: Stage-1
    Map Reduce
      Map Operator Tree:
          TableScan
            alias: o
            Statistics: Num rows: 100000 Data size: 1000000 Basic stats: COMPLETE Column stats: NONE
            Filter Operator
              predicate: (website is not null and name is not null) (type: boolean)
              Statistics: Num rows: 100000 Data size: 1000000 Basic stats: COMPLETE Column stats: NONE
              Select Operator
"                expressions: name (type: string), website (type: string)"
"                outputColumnNames: _col0, _col1"
                Statistics: Num rows: 100000 Data size: 1000000 Basic stats: COMPLETE Column stats: NONE
                Reduce Output Operator
                  key expressions: _col1 (type: string)
                  sort order: +
                  Map-reduce partition columns: _col1 (type: string)
                  Statistics: Num rows: 100000 Data size: 1000000 Basic stats: COMPLETE Column stats: NONE
                  value expressions: _col0 (type: string)
          TableScan
            alias: customers
            Statistics: Num rows: 27956 Data size: 363428 Basic stats: COMPLETE Column stats: NONE
            Filter Operator
              predicate: (website is not null and email is not null and firstname is not null and lastname is not null) (type: boolean)
              Statistics: Num rows: 27956 Data size: 363428 Basic stats: COMPLETE Column stats: NONE
              Select Operator
"                expressions: firstname (type: string), lastname (type: string), email (type: string), website (type: string), yearc (type: string)"
"                outputColumnNames: _col0, _col1, _col2, _col3, _col4"
                Statistics: Num rows: 27956 Data size: 363428 Basic stats: COMPLETE Column stats: NONE
                Union
                  Statistics: Num rows: 66917 Data size: 869921 Basic stats: COMPLETE Column stats: NONE
                  Reduce Output Operator
                    key expressions: _col3 (type: string)
                    sort order: +
                    Map-reduce partition columns: _col3 (type: string)
                    Statistics: Num rows: 66917 Data size: 869921 Basic stats: COMPLETE Column stats: NONE
"                    value expressions: _col0 (type: string), _col1 (type: string), _col2 (type: string), _col4 (type: string)"
          TableScan
            alias: customers
            Statistics: Num rows: 27604 Data size: 358852 Basic stats: COMPLETE Column stats: NONE
            Filter Operator
              predicate: (website is not null and email is not null and firstname is not null and lastname is not null) (type: boolean)
              Statistics: Num rows: 27604 Data size: 358852 Basic stats: COMPLETE Column stats: NONE
              Select Operator
"                expressions: firstname (type: string), lastname (type: string), email (type: string), website (type: string), yearc (type: string)"
"                outputColumnNames: _col0, _col1, _col2, _col3, _col4"
                Statistics: Num rows: 27604 Data size: 358852 Basic stats: COMPLETE Column stats: NONE
                Union
                  Statistics: Num rows: 66917 Data size: 869921 Basic stats: COMPLETE Column stats: NONE
                  Reduce Output Operator
                    key expressions: _col3 (type: string)
                    sort order: +
                    Map-reduce partition columns: _col3 (type: string)
                    Statistics: Num rows: 66917 Data size: 869921 Basic stats: COMPLETE Column stats: NONE
"                    value expressions: _col0 (type: string), _col1 (type: string), _col2 (type: string), _col4 (type: string)"
          TableScan
            alias: customers
            Statistics: Num rows: 11357 Data size: 147641 Basic stats: COMPLETE Column stats: NONE
            Filter Operator
              predicate: (website is not null and email is not null and firstname is not null and lastname is not null) (type: boolean)
              Statistics: Num rows: 11357 Data size: 147641 Basic stats: COMPLETE Column stats: NONE
              Select Operator
"                expressions: firstname (type: string), lastname (type: string), email (type: string), website (type: string), yearc (type: string)"
"                outputColumnNames: _col0, _col1, _col2, _col3, _col4"
                Statistics: Num rows: 11357 Data size: 147641 Basic stats: COMPLETE Column stats: NONE
                Union
                  Statistics: Num rows: 66917 Data size: 869921 Basic stats: COMPLETE Column stats: NONE
                  Reduce Output Operator
                    key expressions: _col3 (type: string)
                    sort order: +
                    Map-reduce partition columns: _col3 (type: string)
                    Statistics: Num rows: 66917 Data size: 869921 Basic stats: COMPLETE Column stats: NONE
"                    value expressions: _col0 (type: string), _col1 (type: string), _col2 (type: string), _col4 (type: string)"
      Reduce Operator Tree:
        Join Operator
          condition map:
               Inner Join 0 to 1
          keys:
            0 _col1 (type: string)
            1 _col3 (type: string)
"          outputColumnNames: _col0, _col2, _col3, _col4, _col6"
          Statistics: Num rows: 110000 Data size: 1100000 Basic stats: COMPLETE Column stats: NONE
          File Output Operator
            compressed: false
            table:
                input format: org.apache.hadoop.mapred.SequenceFileInputFormat
                output format: org.apache.hadoop.hive.ql.io.HiveSequenceFileOutputFormat
                serde: org.apache.hadoop.hive.serde2.lazybinary.LazyBinarySerDe
""
  Stage: Stage-31
    Conditional Operator
""
  Stage: Stage-40
    Map Reduce Local Work
      Alias -> Map Local Tables:
        $hdt$_1:$hdt$_2-subquery1:$hdt$_2-subquery1-subquery1:$hdt$_2-subquery1:customers 
          Fetch Operator
            limit: -1
        $hdt$_1:$hdt$_2-subquery1:$hdt$_2-subquery1-subquery2:$hdt$_2-subquery2:customers 
          Fetch Operator
            limit: -1
        $hdt$_1:$hdt$_2-subquery2:$hdt$_2-subquery2:customers 
          Fetch Operator
            limit: -1
      Alias -> Map Local Operator Tree:
        $hdt$_1:$hdt$_2-subquery1:$hdt$_2-subquery1-subquery1:$hdt$_2-subquery1:customers 
          TableScan
            alias: customers
            Statistics: Num rows: 27956 Data size: 363428 Basic stats: COMPLETE Column stats: NONE
            Filter Operator
              predicate: (website is not null and email is not null and firstname is not null and lastname is not null) (type: boolean)
              Statistics: Num rows: 27956 Data size: 363428 Basic stats: COMPLETE Column stats: NONE
              Select Operator
"                expressions: firstname (type: string), lastname (type: string), email (type: string), website (type: string), yearc (type: string)"
"                outputColumnNames: _col0, _col1, _col2, _col3, _col4"
                Statistics: Num rows: 27956 Data size: 363428 Basic stats: COMPLETE Column stats: NONE
                Union
                  Statistics: Num rows: 66917 Data size: 869921 Basic stats: COMPLETE Column stats: NONE
                  HashTable Sink Operator
                    keys:
                      0 _col1 (type: string)
                      1 _col3 (type: string)
        $hdt$_1:$hdt$_2-subquery1:$hdt$_2-subquery1-subquery2:$hdt$_2-subquery2:customers 
          TableScan
            alias: customers
            Statistics: Num rows: 27604 Data size: 358852 Basic stats: COMPLETE Column stats: NONE
            Filter Operator
              predicate: (website is not null and email is not null and firstname is not null and lastname is not null) (type: boolean)
              Statistics: Num rows: 27604 Data size: 358852 Basic stats: COMPLETE Column stats: NONE
              Select Operator
"                expressions: firstname (type: string), lastname (type: string), email (type: string), website (type: string), yearc (type: string)"
"                outputColumnNames: _col0, _col1, _col2, _col3, _col4"
                Statistics: Num rows: 27604 Data size: 358852 Basic stats: COMPLETE Column stats: NONE
                Union
                  Statistics: Num rows: 66917 Data size: 869921 Basic stats: COMPLETE Column stats: NONE
                  HashTable Sink Operator
                    keys:
                      0 _col1 (type: string)
                      1 _col3 (type: string)
        $hdt$_1:$hdt$_2-subquery2:$hdt$_2-subquery2:customers 
          TableScan
            alias: customers
            Statistics: Num rows: 11357 Data size: 147641 Basic stats: COMPLETE Column stats: NONE
            Filter Operator
              predicate: (website is not null and email is not null and firstname is not null and lastname is not null) (type: boolean)
              Statistics: Num rows: 11357 Data size: 147641 Basic stats: COMPLETE Column stats: NONE
              Select Operator
"                expressions: firstname (type: string), lastname (type: string), email (type: string), website (type: string), yearc (type: string)"
"                outputColumnNames: _col0, _col1, _col2, _col3, _col4"
                Statistics: Num rows: 11357 Data size: 147641 Basic stats: COMPLETE Column stats: NONE
                Union
                  Statistics: Num rows: 66917 Data size: 869921 Basic stats: COMPLETE Column stats: NONE
                  HashTable Sink Operator
                    keys:
                      0 _col1 (type: string)
                      1 _col3 (type: string)
""
  Stage: Stage-29
    Map Reduce
      Map Operator Tree:
          TableScan
            alias: o
            Statistics: Num rows: 100000 Data size: 1000000 Basic stats: COMPLETE Column stats: NONE
            Filter Operator
              predicate: (website is not null and name is not null) (type: boolean)
              Statistics: Num rows: 100000 Data size: 1000000 Basic stats: COMPLETE Column stats: NONE
              Select Operator
"                expressions: name (type: string), website (type: string)"
"                outputColumnNames: _col0, _col1"
                Statistics: Num rows: 100000 Data size: 1000000 Basic stats: COMPLETE Column stats: NONE
                Map Join Operator
                  condition map:
                       Inner Join 0 to 1
                  keys:
                    0 _col1 (type: string)
                    1 _col3 (type: string)
"                  outputColumnNames: _col0, _col2, _col3, _col4, _col6"
                  Statistics: Num rows: 110000 Data size: 1100000 Basic stats: COMPLETE Column stats: NONE
                  File Output Operator
                    compressed: false
                    table:
                        input format: org.apache.hadoop.mapred.SequenceFileInputFormat
                        output format: org.apache.hadoop.hive.ql.io.HiveSequenceFileOutputFormat
                        serde: org.apache.hadoop.hive.serde2.lazybinary.LazyBinarySerDe
      Local Work:
        Map Reduce Local Work
""
  Stage: Stage-28
    Conditional Operator
""
  Stage: Stage-38
    Map Reduce Local Work
      Alias -> Map Local Tables:
        $hdt$_1:$hdt$_3:p 
          Fetch Operator
            limit: -1
      Alias -> Map Local Operator Tree:
        $hdt$_1:$hdt$_3:p 
          TableScan
            alias: p
            Statistics: Num rows: 200000 Data size: 2200000 Basic stats: COMPLETE Column stats: NONE
            Filter Operator
              predicate: (firstname is not null and lastname is not null and email is not null) (type: boolean)
              Statistics: Num rows: 200000 Data size: 2200000 Basic stats: COMPLETE Column stats: NONE
              Select Operator
"                expressions: firstname (type: string), lastname (type: string), email (type: string), agegroup (type: string)"
"                outputColumnNames: _col0, _col1, _col2, _col3"
                Statistics: Num rows: 200000 Data size: 2200000 Basic stats: COMPLETE Column stats: NONE
                HashTable Sink Operator
                  keys:
"                    0 _col2 (type: string), _col3 (type: string), _col4 (type: string)"
"                    1 _col0 (type: string), _col1 (type: string), _col2 (type: string)"
""
  Stage: Stage-26
    Map Reduce
      Map Operator Tree:
          TableScan
            Map Join Operator
              condition map:
                   Inner Join 0 to 1
              keys:
"                0 _col2 (type: string), _col3 (type: string), _col4 (type: string)"
"                1 _col0 (type: string), _col1 (type: string), _col2 (type: string)"
"              outputColumnNames: _col0, _col6, _col10"
              Statistics: Num rows: 220000 Data size: 2420000 Basic stats: COMPLETE Column stats: NONE
              Group By Operator
                aggregations: count()
"                keys: _col0 (type: string), _col6 (type: string), _col10 (type: string)"
                mode: hash
"                outputColumnNames: _col0, _col1, _col2, _col3"
                Statistics: Num rows: 220000 Data size: 2420000 Basic stats: COMPLETE Column stats: NONE
                File Output Operator
                  compressed: false
                  table:
                      input format: org.apache.hadoop.mapred.SequenceFileInputFormat
                      output format: org.apache.hadoop.hive.ql.io.HiveSequenceFileOutputFormat
                      serde: org.apache.hadoop.hive.serde2.lazybinary.LazyBinarySerDe
      Local Work:
        Map Reduce Local Work
""
  Stage: Stage-12
    Map Reduce
      Map Operator Tree:
          TableScan
            Reduce Output Operator
"              key expressions: _col0 (type: string), _col1 (type: string), _col2 (type: string)"
              sort order: +++
"              Map-reduce partition columns: _col0 (type: string), _col1 (type: string), _col2 (type: string)"
              Statistics: Num rows: 220000 Data size: 2420000 Basic stats: COMPLETE Column stats: NONE
              value expressions: _col3 (type: bigint)
      Reduce Operator Tree:
        Group By Operator
          aggregations: count(VALUE._col0)
"          keys: KEY._col0 (type: string), KEY._col1 (type: string), KEY._col2 (type: string)"
          mode: mergepartial
"          outputColumnNames: _col0, _col1, _col2, _col3"
          Statistics: Num rows: 110000 Data size: 1210000 Basic stats: COMPLETE Column stats: NONE
          Filter Operator
            predicate: _col3 is not null (type: boolean)
            Statistics: Num rows: 110000 Data size: 1210000 Basic stats: COMPLETE Column stats: NONE
            File Output Operator
              compressed: false
              table:
                  input format: org.apache.hadoop.mapred.SequenceFileInputFormat
                  output format: org.apache.hadoop.hive.ql.io.HiveSequenceFileOutputFormat
                  serde: org.apache.hadoop.hive.serde2.lazybinary.LazyBinarySerDe
""
  Stage: Stage-39
    Map Reduce Local Work
      Alias -> Map Local Tables:
        $hdt$_1:$INTNAME 
          Fetch Operator
            limit: -1
      Alias -> Map Local Operator Tree:
        $hdt$_1:$INTNAME 
          TableScan
            HashTable Sink Operator
              keys:
"                0 _col2 (type: string), _col3 (type: string), _col4 (type: string)"
"                1 _col0 (type: string), _col1 (type: string), _col2 (type: string)"
""
  Stage: Stage-27
    Map Reduce
      Map Operator Tree:
          TableScan
            alias: p
            Statistics: Num rows: 200000 Data size: 2200000 Basic stats: COMPLETE Column stats: NONE
            Filter Operator
              predicate: (firstname is not null and lastname is not null and email is not null) (type: boolean)
              Statistics: Num rows: 200000 Data size: 2200000 Basic stats: COMPLETE Column stats: NONE
              Select Operator
"                expressions: firstname (type: string), lastname (type: string), email (type: string), agegroup (type: string)"
"                outputColumnNames: _col0, _col1, _col2, _col3"
                Statistics: Num rows: 200000 Data size: 2200000 Basic stats: COMPLETE Column stats: NONE
                Map Join Operator
                  condition map:
                       Inner Join 0 to 1
                  keys:
"                    0 _col2 (type: string), _col3 (type: string), _col4 (type: string)"
"                    1 _col0 (type: string), _col1 (type: string), _col2 (type: string)"
"                  outputColumnNames: _col0, _col6, _col10"
                  Statistics: Num rows: 220000 Data size: 2420000 Basic stats: COMPLETE Column stats: NONE
                  Group By Operator
                    aggregations: count()
"                    keys: _col0 (type: string), _col6 (type: string), _col10 (type: string)"
                    mode: hash
"                    outputColumnNames: _col0, _col1, _col2, _col3"
                    Statistics: Num rows: 220000 Data size: 2420000 Basic stats: COMPLETE Column stats: NONE
                    File Output Operator
                      compressed: false
                      table:
                          input format: org.apache.hadoop.mapred.SequenceFileInputFormat
                          output format: org.apache.hadoop.hive.ql.io.HiveSequenceFileOutputFormat
                          serde: org.apache.hadoop.hive.serde2.lazybinary.LazyBinarySerDe
      Local Work:
        Map Reduce Local Work
""
  Stage: Stage-11
    Map Reduce
      Map Operator Tree:
          TableScan
            Reduce Output Operator
"              key expressions: _col2 (type: string), _col3 (type: string), _col4 (type: string)"
              sort order: +++
"              Map-reduce partition columns: _col2 (type: string), _col3 (type: string), _col4 (type: string)"
              Statistics: Num rows: 110000 Data size: 1100000 Basic stats: COMPLETE Column stats: NONE
"              value expressions: _col0 (type: string), _col6 (type: string)"
          TableScan
            alias: p
            Statistics: Num rows: 200000 Data size: 2200000 Basic stats: COMPLETE Column stats: NONE
            Filter Operator
              predicate: (firstname is not null and lastname is not null and email is not null) (type: boolean)
              Statistics: Num rows: 200000 Data size: 2200000 Basic stats: COMPLETE Column stats: NONE
              Select Operator
"                expressions: firstname (type: string), lastname (type: string), email (type: string), agegroup (type: string)"
"                outputColumnNames: _col0, _col1, _col2, _col3"
                Statistics: Num rows: 200000 Data size: 2200000 Basic stats: COMPLETE Column stats: NONE
                Reduce Output Operator
"                  key expressions: _col0 (type: string), _col1 (type: string), _col2 (type: string)"
                  sort order: +++
"                  Map-reduce partition columns: _col0 (type: string), _col1 (type: string), _col2 (type: string)"
                  Statistics: Num rows: 200000 Data size: 2200000 Basic stats: COMPLETE Column stats: NONE
                  value expressions: _col3 (type: string)
      Reduce Operator Tree:
        Join Operator
          condition map:
               Inner Join 0 to 1
          keys:
"            0 _col2 (type: string), _col3 (type: string), _col4 (type: string)"
"            1 _col0 (type: string), _col1 (type: string), _col2 (type: string)"
"          outputColumnNames: _col0, _col6, _col10"
          Statistics: Num rows: 220000 Data size: 2420000 Basic stats: COMPLETE Column stats: NONE
          Group By Operator
            aggregations: count()
"            keys: _col0 (type: string), _col6 (type: string), _col10 (type: string)"
            mode: hash
"            outputColumnNames: _col0, _col1, _col2, _col3"
            Statistics: Num rows: 220000 Data size: 2420000 Basic stats: COMPLETE Column stats: NONE
            File Output Operator
              compressed: false
              table:
                  input format: org.apache.hadoop.mapred.SequenceFileInputFormat
                  output format: org.apache.hadoop.hive.ql.io.HiveSequenceFileOutputFormat
                  serde: org.apache.hadoop.hive.serde2.lazybinary.LazyBinarySerDe
""
  Stage: Stage-41
    Map Reduce Local Work
      Alias -> Map Local Tables:
        $hdt$_1:$hdt$_1:o 
          Fetch Operator
            limit: -1
      Alias -> Map Local Operator Tree:
        $hdt$_1:$hdt$_1:o 
          TableScan
            alias: o
            Statistics: Num rows: 100000 Data size: 1000000 Basic stats: COMPLETE Column stats: NONE
            Filter Operator
              predicate: (website is not null and name is not null) (type: boolean)
              Statistics: Num rows: 100000 Data size: 1000000 Basic stats: COMPLETE Column stats: NONE
              Select Operator
"                expressions: name (type: string), website (type: string)"
"                outputColumnNames: _col0, _col1"
                Statistics: Num rows: 100000 Data size: 1000000 Basic stats: COMPLETE Column stats: NONE
                HashTable Sink Operator
                  keys:
                    0 _col1 (type: string)
                    1 _col3 (type: string)
""
  Stage: Stage-30
    Map Reduce
      Map Operator Tree:
          TableScan
            alias: customers
            Statistics: Num rows: 27956 Data size: 363428 Basic stats: COMPLETE Column stats: NONE
            Filter Operator
              predicate: (website is not null and email is not null and firstname is not null and lastname is not null) (type: boolean)
              Statistics: Num rows: 27956 Data size: 363428 Basic stats: COMPLETE Column stats: NONE
              Select Operator
"                expressions: firstname (type: string), lastname (type: string), email (type: string), website (type: string), yearc (type: string)"
"                outputColumnNames: _col0, _col1, _col2, _col3, _col4"
                Statistics: Num rows: 27956 Data size: 363428 Basic stats: COMPLETE Column stats: NONE
                Union
                  Statistics: Num rows: 66917 Data size: 869921 Basic stats: COMPLETE Column stats: NONE
                  Map Join Operator
                    condition map:
                         Inner Join 0 to 1
                    keys:
                      0 _col1 (type: string)
                      1 _col3 (type: string)
"                    outputColumnNames: _col0, _col2, _col3, _col4, _col6"
                    Statistics: Num rows: 110000 Data size: 1100000 Basic stats: COMPLETE Column stats: NONE
                    File Output Operator
                      compressed: false
                      table:
                          input format: org.apache.hadoop.mapred.SequenceFileInputFormat
                          output format: org.apache.hadoop.hive.ql.io.HiveSequenceFileOutputFormat
                          serde: org.apache.hadoop.hive.serde2.lazybinary.LazyBinarySerDe
          TableScan
            alias: customers
            Statistics: Num rows: 27604 Data size: 358852 Basic stats: COMPLETE Column stats: NONE
            Filter Operator
              predicate: (website is not null and email is not null and firstname is not null and lastname is not null) (type: boolean)
              Statistics: Num rows: 27604 Data size: 358852 Basic stats: COMPLETE Column stats: NONE
              Select Operator
"                expressions: firstname (type: string), lastname (type: string), email (type: string), website (type: string), yearc (type: string)"
"                outputColumnNames: _col0, _col1, _col2, _col3, _col4"
                Statistics: Num rows: 27604 Data size: 358852 Basic stats: COMPLETE Column stats: NONE
                Union
                  Statistics: Num rows: 66917 Data size: 869921 Basic stats: COMPLETE Column stats: NONE
                  Map Join Operator
                    condition map:
                         Inner Join 0 to 1
                    keys:
                      0 _col1 (type: string)
                      1 _col3 (type: string)
"                    outputColumnNames: _col0, _col2, _col3, _col4, _col6"
                    Statistics: Num rows: 110000 Data size: 1100000 Basic stats: COMPLETE Column stats: NONE
                    File Output Operator
                      compressed: false
                      table:
                          input format: org.apache.hadoop.mapred.SequenceFileInputFormat
                          output format: org.apache.hadoop.hive.ql.io.HiveSequenceFileOutputFormat
                          serde: org.apache.hadoop.hive.serde2.lazybinary.LazyBinarySerDe
          TableScan
            alias: customers
            Statistics: Num rows: 11357 Data size: 147641 Basic stats: COMPLETE Column stats: NONE
            Filter Operator
              predicate: (website is not null and email is not null and firstname is not null and lastname is not null) (type: boolean)
              Statistics: Num rows: 11357 Data size: 147641 Basic stats: COMPLETE Column stats: NONE
              Select Operator
"                expressions: firstname (type: string), lastname (type: string), email (type: string), website (type: string), yearc (type: string)"
"                outputColumnNames: _col0, _col1, _col2, _col3, _col4"
                Statistics: Num rows: 11357 Data size: 147641 Basic stats: COMPLETE Column stats: NONE
                Union
                  Statistics: Num rows: 66917 Data size: 869921 Basic stats: COMPLETE Column stats: NONE
                  Map Join Operator
                    condition map:
                         Inner Join 0 to 1
                    keys:
                      0 _col1 (type: string)
                      1 _col3 (type: string)
"                    outputColumnNames: _col0, _col2, _col3, _col4, _col6"
                    Statistics: Num rows: 110000 Data size: 1100000 Basic stats: COMPLETE Column stats: NONE
                    File Output Operator
                      compressed: false
                      table:
                          input format: org.apache.hadoop.mapred.SequenceFileInputFormat
                          output format: org.apache.hadoop.hive.ql.io.HiveSequenceFileOutputFormat
                          serde: org.apache.hadoop.hive.serde2.lazybinary.LazyBinarySerDe
      Local Work:
        Map Reduce Local Work
""
  Stage: Stage-10
    Map Reduce
      Map Operator Tree:
          TableScan
            alias: o
            Statistics: Num rows: 100000 Data size: 1000000 Basic stats: COMPLETE Column stats: NONE
            Filter Operator
              predicate: (website is not null and name is not null) (type: boolean)
              Statistics: Num rows: 100000 Data size: 1000000 Basic stats: COMPLETE Column stats: NONE
              Select Operator
"                expressions: name (type: string), website (type: string)"
"                outputColumnNames: _col0, _col1"
                Statistics: Num rows: 100000 Data size: 1000000 Basic stats: COMPLETE Column stats: NONE
                Reduce Output Operator
                  key expressions: _col1 (type: string)
                  sort order: +
                  Map-reduce partition columns: _col1 (type: string)
                  Statistics: Num rows: 100000 Data size: 1000000 Basic stats: COMPLETE Column stats: NONE
                  value expressions: _col0 (type: string)
          TableScan
            alias: customers
            Statistics: Num rows: 27956 Data size: 363428 Basic stats: COMPLETE Column stats: NONE
            Filter Operator
              predicate: (website is not null and email is not null and firstname is not null and lastname is not null) (type: boolean)
              Statistics: Num rows: 27956 Data size: 363428 Basic stats: COMPLETE Column stats: NONE
              Select Operator
"                expressions: firstname (type: string), lastname (type: string), email (type: string), website (type: string), yearc (type: string)"
"                outputColumnNames: _col0, _col1, _col2, _col3, _col4"
                Statistics: Num rows: 27956 Data size: 363428 Basic stats: COMPLETE Column stats: NONE
                Union
                  Statistics: Num rows: 66917 Data size: 869921 Basic stats: COMPLETE Column stats: NONE
                  Reduce Output Operator
                    key expressions: _col3 (type: string)
                    sort order: +
                    Map-reduce partition columns: _col3 (type: string)
                    Statistics: Num rows: 66917 Data size: 869921 Basic stats: COMPLETE Column stats: NONE
"                    value expressions: _col0 (type: string), _col1 (type: string), _col2 (type: string), _col4 (type: string)"
          TableScan
            alias: customers
            Statistics: Num rows: 27604 Data size: 358852 Basic stats: COMPLETE Column stats: NONE
            Filter Operator
              predicate: (website is not null and email is not null and firstname is not null and lastname is not null) (type: boolean)
              Statistics: Num rows: 27604 Data size: 358852 Basic stats: COMPLETE Column stats: NONE
              Select Operator
"                expressions: firstname (type: string), lastname (type: string), email (type: string), website (type: string), yearc (type: string)"
"                outputColumnNames: _col0, _col1, _col2, _col3, _col4"
                Statistics: Num rows: 27604 Data size: 358852 Basic stats: COMPLETE Column stats: NONE
                Union
                  Statistics: Num rows: 66917 Data size: 869921 Basic stats: COMPLETE Column stats: NONE
                  Reduce Output Operator
                    key expressions: _col3 (type: string)
                    sort order: +
                    Map-reduce partition columns: _col3 (type: string)
                    Statistics: Num rows: 66917 Data size: 869921 Basic stats: COMPLETE Column stats: NONE
"                    value expressions: _col0 (type: string), _col1 (type: string), _col2 (type: string), _col4 (type: string)"
          TableScan
            alias: customers
            Statistics: Num rows: 11357 Data size: 147641 Basic stats: COMPLETE Column stats: NONE
            Filter Operator
              predicate: (website is not null and email is not null and firstname is not null and lastname is not null) (type: boolean)
              Statistics: Num rows: 11357 Data size: 147641 Basic stats: COMPLETE Column stats: NONE
              Select Operator
"                expressions: firstname (type: string), lastname (type: string), email (type: string), website (type: string), yearc (type: string)"
"                outputColumnNames: _col0, _col1, _col2, _col3, _col4"
                Statistics: Num rows: 11357 Data size: 147641 Basic stats: COMPLETE Column stats: NONE
                Union
                  Statistics: Num rows: 66917 Data size: 869921 Basic stats: COMPLETE Column stats: NONE
                  Reduce Output Operator
                    key expressions: _col3 (type: string)
                    sort order: +
                    Map-reduce partition columns: _col3 (type: string)
                    Statistics: Num rows: 66917 Data size: 869921 Basic stats: COMPLETE Column stats: NONE
"                    value expressions: _col0 (type: string), _col1 (type: string), _col2 (type: string), _col4 (type: string)"
      Reduce Operator Tree:
        Join Operator
          condition map:
               Inner Join 0 to 1
          keys:
            0 _col1 (type: string)
            1 _col3 (type: string)
"          outputColumnNames: _col0, _col2, _col3, _col4, _col6"
          Statistics: Num rows: 110000 Data size: 1100000 Basic stats: COMPLETE Column stats: NONE
          File Output Operator
            compressed: false
            table:
                input format: org.apache.hadoop.mapred.SequenceFileInputFormat
                output format: org.apache.hadoop.hive.ql.io.HiveSequenceFileOutputFormat
                serde: org.apache.hadoop.hive.serde2.lazybinary.LazyBinarySerDe
""
  Stage: Stage-0
    Fetch Operator
      limit: -1
      Processor Tree:
        ListSink
""
